<?xml version="1.0" encoding="UTF-8"?>
<!-- Generated by org.testng.reporters.JUnitXMLReporter -->
<testsuite ignored="0" hostname="Umair-Boota-3520" failures="0" tests="5" name="Test" time="5.027" errors="0" timestamp="2024-02-24T21:29:34 PKT">
  <testcase classname="com.qa.task3LoginTest.Task3_LoginTest" name="loginPageTitleTest" time="0.013"/>
  <testcase classname="com.qa.task3LoginTest.Task3_LoginTest" name="loginTest" time="0.172"/>
  <testcase classname="com.qa.task3LoginTest.Task3_LoginTest" name="logoutTest" time="0.153"/>
  <testcase classname="com.qa.task3LoginTest.Task3_LoginTest" name="loginTestFalse" time="0.144"/>
  <testcase classname="com.qa.db.DataBaseTest" name="test" time="0.025"/>
</testsuite> <!-- Test -->
