<?xml version="1.0" encoding="UTF-8"?>
<testng-results ignored="0" total="4" passed="4" failed="0" skipped="0">
  <reporter-output>
  </reporter-output>
  <suite started-at="2024-02-24T18:21:36 PKT" name="Default suite" finished-at="2024-02-24T18:21:39 PKT" duration-ms="2983">
    <groups>
    </groups>
    <test started-at="2024-02-24T18:21:36 PKT" name="Default test" finished-at="2024-02-24T18:21:39 PKT" duration-ms="2983">
      <class name="com.qa.task3LoginTest.Task3_LoginTest">
        <test-method is-config="true" signature="setUp()[pri:0, instance:com.qa.task3LoginTest.Task3_LoginTest@3754a4bf]" started-at="2024-02-24T18:21:36 PKT" name="setUp" finished-at="2024-02-24T18:21:38 PKT" duration-ms="2334" status="PASS">
          <reporter-output>
          </reporter-output>
        </test-method> <!-- setUp -->
        <test-method signature="loginPageTitleTest()[pri:1, instance:com.qa.task3LoginTest.Task3_LoginTest@3754a4bf]" started-at="2024-02-24T18:21:38 PKT" name="loginPageTitleTest" finished-at="2024-02-24T18:21:38 PKT" duration-ms="11" status="PASS">
          <reporter-output>
          </reporter-output>
        </test-method> <!-- loginPageTitleTest -->
        <test-method signature="loginTest()[pri:2, instance:com.qa.task3LoginTest.Task3_LoginTest@3754a4bf]" started-at="2024-02-24T18:21:38 PKT" name="loginTest" finished-at="2024-02-24T18:21:38 PKT" duration-ms="178" status="PASS">
          <reporter-output>
          </reporter-output>
        </test-method> <!-- loginTest -->
        <test-method signature="logoutTest()[pri:3, instance:com.qa.task3LoginTest.Task3_LoginTest@3754a4bf]" started-at="2024-02-24T18:21:38 PKT" name="logoutTest" finished-at="2024-02-24T18:21:38 PKT" duration-ms="145" status="PASS">
          <reporter-output>
          </reporter-output>
        </test-method> <!-- logoutTest -->
        <test-method signature="loginTestFalse()[pri:4, instance:com.qa.task3LoginTest.Task3_LoginTest@3754a4bf]" started-at="2024-02-24T18:21:38 PKT" name="loginTestFalse" finished-at="2024-02-24T18:21:38 PKT" duration-ms="154" status="PASS">
          <reporter-output>
          </reporter-output>
        </test-method> <!-- loginTestFalse -->
        <test-method is-config="true" signature="tearDown()[pri:0, instance:com.qa.task3LoginTest.Task3_LoginTest@3754a4bf]" started-at="2024-02-24T18:21:38 PKT" name="tearDown" finished-at="2024-02-24T18:21:39 PKT" duration-ms="128" status="PASS">
          <reporter-output>
          </reporter-output>
        </test-method> <!-- tearDown -->
      </class> <!-- com.qa.task3LoginTest.Task3_LoginTest -->
    </test> <!-- Default test -->
  </suite> <!-- Default suite -->
</testng-results>
